 
****************************************
Report : area
Design : counter
Version: W-2024.09-SP3
Date   : Tue Jun 24 22:29:35 2025
****************************************

Information: Updating design information... (UID-85)
Library(s) Used:

    saed14rvt_ff0p88v125c (File: /home/dsac/Documents/Long/Pico/common/liberty/saed14rvt_ff0p88v125c.db)

Number of ports:                           11
Number of nets:                            32
Number of cells:                           29
Number of combinational cells:             21
Number of sequential cells:                 8
Number of macros/black boxes:               0
Number of buf/inv:                          5
Number of references:                      13

Combinational area:                  8.041800
Buf/Inv area:                        1.864800
Noncombinational area:               8.524800
Macro/Black Box area:                0.000000
Net Interconnect area:               8.845848

Total cell area:                    16.566600
Total area:                         25.412449
1
