 
****************************************
Report : power
        -analysis_effort low
Design : counter
Version: W-2024.09-SP3
Date   : Tue Jun 24 22:29:35 2025
****************************************


Library(s) Used:

    saed14rvt_ff0p88v125c (File: /home/dsac/Documents/Long/Pico/common/liberty/saed14rvt_ff0p88v125c.db)


Operating Conditions: ff0p88v125c   Library: saed14rvt_ff0p88v125c
Wire Load Model Mode: top

Design        Wire Load Model            Library
------------------------------------------------
counter                ForQA             saed14rvt_ff0p88v125c


Global Operating Voltage = 0.88 
Power-specific unit information :
    Voltage Units = 1V
    Capacitance Units = 1.000000ff
    Time Units = 1ns
    Dynamic Power Units = 1uW    (derived from V,C,T units)
    Leakage Power Units = 1pW


Attributes
----------
i - Including register clock pin internal power


  Cell Internal Power  =   1.0981 uW   (92%)
  Net Switching Power  =  98.8374 nW    (8%)
                         ---------
Total Dynamic Power    =   1.1969 uW  (100%)

Cell Leakage Power     = 719.4869 nW


                 Internal         Switching           Leakage            Total
Power Group      Power            Power               Power              Power   (   %    )  Attrs
--------------------------------------------------------------------------------------------------
io_pad             0.0000            0.0000            0.0000            0.0000  (   0.00%)
memory             0.0000            0.0000            0.0000            0.0000  (   0.00%)
black_box          0.0000            0.0000            0.0000            0.0000  (   0.00%)
clock_network      0.9746            0.0000            0.0000            0.9746  (  50.86%)  i
register       6.4697e-02        4.8880e-02        2.4331e+05            0.3569  (  18.62%)
sequential         0.0000            0.0000            0.0000            0.0000  (   0.00%)
combinational  5.8759e-02        4.9957e-02        4.7618e+05            0.5849  (  30.52%)
--------------------------------------------------------------------------------------------------
Total              1.0981 uW     9.8837e-02 uW     7.1949e+05 pW         1.9164 uW
1
